/home/maffin21/loc_ws/install/crop_estimation/lib/python3.10/site-packages/crop_estimation/odom_node.py
/home/maffin21/loc_ws/install/crop_estimation/lib/python3.10/site-packages/crop_estimation/estimate_node.py
/home/maffin21/loc_ws/install/crop_estimation/lib/python3.10/site-packages/crop_estimation/__init__.py
/home/maffin21/loc_ws/install/crop_estimation/lib/python3.10/site-packages/crop_estimation/um7_node.py
/home/maffin21/loc_ws/install/crop_estimation/lib/python3.10/site-packages/crop_estimation/__pycache__/odom_node.cpython-310.pyc
/home/maffin21/loc_ws/install/crop_estimation/lib/python3.10/site-packages/crop_estimation/__pycache__/estimate_node.cpython-310.pyc
/home/maffin21/loc_ws/install/crop_estimation/lib/python3.10/site-packages/crop_estimation/__pycache__/__init__.cpython-310.pyc
/home/maffin21/loc_ws/install/crop_estimation/lib/python3.10/site-packages/crop_estimation/__pycache__/um7_node.cpython-310.pyc
/home/maffin21/loc_ws/install/crop_estimation/share/ament_index/resource_index/packages/crop_estimation
/home/maffin21/loc_ws/install/crop_estimation/share/crop_estimation/package.xml
/home/maffin21/loc_ws/install/crop_estimation/share/crop_estimation/launch/estimate_launch.py
/home/maffin21/loc_ws/install/crop_estimation/lib/python3.10/site-packages/crop_estimation-0.0.0-py3.10.egg-info/entry_points.txt
/home/maffin21/loc_ws/install/crop_estimation/lib/python3.10/site-packages/crop_estimation-0.0.0-py3.10.egg-info/dependency_links.txt
/home/maffin21/loc_ws/install/crop_estimation/lib/python3.10/site-packages/crop_estimation-0.0.0-py3.10.egg-info/requires.txt
/home/maffin21/loc_ws/install/crop_estimation/lib/python3.10/site-packages/crop_estimation-0.0.0-py3.10.egg-info/SOURCES.txt
/home/maffin21/loc_ws/install/crop_estimation/lib/python3.10/site-packages/crop_estimation-0.0.0-py3.10.egg-info/top_level.txt
/home/maffin21/loc_ws/install/crop_estimation/lib/python3.10/site-packages/crop_estimation-0.0.0-py3.10.egg-info/zip-safe
/home/maffin21/loc_ws/install/crop_estimation/lib/python3.10/site-packages/crop_estimation-0.0.0-py3.10.egg-info/PKG-INFO
/home/maffin21/loc_ws/install/crop_estimation/lib/crop_estimation/estimate_node
/home/maffin21/loc_ws/install/crop_estimation/lib/crop_estimation/odom_node
/home/maffin21/loc_ws/install/crop_estimation/lib/crop_estimation/um7_node
