[0.564s] Invoking command in '/home/maffin21/loc_ws/src/crop_estimation': PYTHONPATH=/home/maffin21/loc_ws/build/crop_estimation/prefix_override:/usr/lib/python3/dist-packages/colcon_core/task/python/colcon_distutils_commands:/home/maffin21/loc_ws/install/crop_estimation/lib/python3.10/site-packages:${PYTHONPATH} /usr/bin/python3 -W ignore:setup.py install is deprecated -W ignore:easy_install command is deprecated setup.py egg_info --egg-base ../../build/crop_estimation build --build-base /home/maffin21/loc_ws/build/crop_estimation/build install --record /home/maffin21/loc_ws/build/crop_estimation/install.log --single-version-externally-managed
[0.756s] running egg_info
[0.756s] creating ../../build/crop_estimation/crop_estimation.egg-info
[0.756s] writing ../../build/crop_estimation/crop_estimation.egg-info/PKG-INFO
[0.756s] writing dependency_links to ../../build/crop_estimation/crop_estimation.egg-info/dependency_links.txt
[0.757s] writing entry points to ../../build/crop_estimation/crop_estimation.egg-info/entry_points.txt
[0.757s] writing requirements to ../../build/crop_estimation/crop_estimation.egg-info/requires.txt
[0.757s] writing top-level names to ../../build/crop_estimation/crop_estimation.egg-info/top_level.txt
[0.757s] writing manifest file '../../build/crop_estimation/crop_estimation.egg-info/SOURCES.txt'
[0.758s] reading manifest file '../../build/crop_estimation/crop_estimation.egg-info/SOURCES.txt'
[0.758s] writing manifest file '../../build/crop_estimation/crop_estimation.egg-info/SOURCES.txt'
[0.759s] running build
[0.759s] running build_py
[0.759s] creating /home/maffin21/loc_ws/build/crop_estimation/build
[0.759s] creating /home/maffin21/loc_ws/build/crop_estimation/build/lib
[0.759s] creating /home/maffin21/loc_ws/build/crop_estimation/build/lib/crop_estimation
[0.759s] copying crop_estimation/estimate_node.py -> /home/maffin21/loc_ws/build/crop_estimation/build/lib/crop_estimation
[0.759s] copying crop_estimation/__init__.py -> /home/maffin21/loc_ws/build/crop_estimation/build/lib/crop_estimation
[0.759s] running install
[0.759s] running install_lib
[0.760s] creating /home/maffin21/loc_ws/install/crop_estimation/lib/python3.10/site-packages/crop_estimation
[0.760s] copying /home/maffin21/loc_ws/build/crop_estimation/build/lib/crop_estimation/estimate_node.py -> /home/maffin21/loc_ws/install/crop_estimation/lib/python3.10/site-packages/crop_estimation
[0.760s] copying /home/maffin21/loc_ws/build/crop_estimation/build/lib/crop_estimation/__init__.py -> /home/maffin21/loc_ws/install/crop_estimation/lib/python3.10/site-packages/crop_estimation
[0.760s] byte-compiling /home/maffin21/loc_ws/install/crop_estimation/lib/python3.10/site-packages/crop_estimation/estimate_node.py to estimate_node.cpython-310.pyc
[0.761s] byte-compiling /home/maffin21/loc_ws/install/crop_estimation/lib/python3.10/site-packages/crop_estimation/__init__.py to __init__.cpython-310.pyc
[0.761s] running install_egg_info
[0.763s] Copying ../../build/crop_estimation/crop_estimation.egg-info to /home/maffin21/loc_ws/install/crop_estimation/lib/python3.10/site-packages/crop_estimation-0.0.0-py3.10.egg-info
[0.763s] running install_scripts
[0.778s] Installing estimate_node script to /home/maffin21/loc_ws/install/crop_estimation/lib/crop_estimation
[0.778s] writing list of installed files to '/home/maffin21/loc_ws/build/crop_estimation/install.log'
[0.796s] Invoked command in '/home/maffin21/loc_ws/src/crop_estimation' returned '0': PYTHONPATH=/home/maffin21/loc_ws/build/crop_estimation/prefix_override:/usr/lib/python3/dist-packages/colcon_core/task/python/colcon_distutils_commands:/home/maffin21/loc_ws/install/crop_estimation/lib/python3.10/site-packages:${PYTHONPATH} /usr/bin/python3 -W ignore:setup.py install is deprecated -W ignore:easy_install command is deprecated setup.py egg_info --egg-base ../../build/crop_estimation build --build-base /home/maffin21/loc_ws/build/crop_estimation/build install --record /home/maffin21/loc_ws/build/crop_estimation/install.log --single-version-externally-managed
